<?xml version="1.0" encoding="UTF-8"?>
<!-- Generated by org.testng.reporters.JUnitReportReporter -->
<testsuite hostname="LAPTOP-6JAL3NBB" failures="0" tests="5" name="test.EmployeeTests" time="1.226" errors="0" timestamp="2024-03-21T20:03:01 IST" skipped="0">
  <testcase classname="test.EmployeeTests" name="testPostEmployee" time="1.050"/>
  <system-out/>
  <testcase classname="test.EmployeeTests" name="testGetAllEmployee" time="0.037"/>
  <system-out/>
  <testcase classname="test.EmployeeTests" name="testGetEmployeeById" time="0.071"/>
  <system-out/>
  <testcase classname="test.EmployeeTests" name="testUpdateEmployee" time="0.038"/>
  <system-out/>
  <testcase classname="test.EmployeeTests" name="testDeleteEmployee" time="0.030"/>
  <system-out/>
</testsuite> <!-- test.EmployeeTests -->
